<?xml version="1.0" encoding="UTF-8"?>
<!-- Generated by org.testng.reporters.JUnitReportReporter -->
<testsuite hostname="Mahesh_PC" failures="0" tests="5" name="testcases.Login" time="13.136" errors="0" timestamp="2024-07-26T14:41:18 CDT" skipped="0">
  <testcase classname="testcases.Login" name="TC_02_UsernameFieldEmpty" time="3.089"/>
  <system-out/>
  <testcase classname="testcases.Login" name="TC_04_InvalidLoginCredentials" time="2.661"/>
  <system-out/>
  <testcase classname="testcases.Login" name="TC_05_LogoutSuccessful" time="2.905"/>
  <system-out/>
  <testcase classname="testcases.Login" name="TC_03_PasswordFieldEmpty" time="2.118"/>
  <system-out/>
  <testcase classname="testcases.Login" name="TC_01_LoginSuccessful" time="2.363"/>
  <system-out/>
</testsuite> <!-- testcases.Login -->
