<?xml version="1.0" encoding="UTF-8"?>
<!-- Generated by org.testng.reporters.JUnitReportReporter -->
<testsuite hostname="Mahesh_PC" failures="0" tests="1" name="testcases.Array" time="4.985" errors="0" timestamp="2024-07-26T14:53:22 CDT" skipped="0">
  <testcase classname="testcases.Array" name="TC_01_NavigateToArrayFromDropDown" time="4.985"/>
  <system-out/>
</testsuite> <!-- testcases.Array -->
